[0.115s] DEBUG:colcon:Command line arguments: ['/usr/bin/colcon', 'build']
[0.115s] DEBUG:colcon:Parsed command line arguments: Namespace(allow_overriding=[], ament_cmake_args=None, base_paths=['.'], build_base='build', catkin_cmake_args=None, catkin_skip_building_tests=False, cmake_args=None, cmake_clean_cache=False, cmake_clean_first=False, cmake_force_configure=False, cmake_target=None, cmake_target_skip_unavailable=False, continue_on_error=False, event_handlers=None, executor='parallel', ignore_user_meta=False, install_base='install', log_base=None, log_level=None, main=<bound method BuildVerb.main of <colcon_core.verb.build.BuildVerb object at 0x7fe0714e3730>>, merge_install=False, metas=['./colcon.meta'], packages_above=None, packages_above_and_dependencies=None, packages_above_depth=None, packages_end=None, packages_ignore=None, packages_ignore_regex=None, packages_select=None, packages_select_build_failed=False, packages_select_by_dep=None, packages_select_regex=None, packages_select_test_failures=False, packages_skip=None, packages_skip_build_finished=False, packages_skip_by_dep=None, packages_skip_regex=None, packages_skip_test_passed=False, packages_skip_up_to=None, packages_start=None, packages_up_to=None, packages_up_to_regex=None, parallel_workers=4, paths=None, symlink_install=False, test_result_base=None, verb_extension=<colcon_core.verb.build.BuildVerb object at 0x7fe0714e3730>, verb_name='build', verb_parser=<colcon_defaults.argument_parser.defaults.DefaultArgumentsDecorator object at 0x7fe0714e3be0>)
[0.131s] Level 1:colcon.colcon_core.package_discovery:discover_packages(colcon_meta) check parameters
[0.131s] Level 1:colcon.colcon_core.package_discovery:discover_packages(recursive) check parameters
[0.131s] Level 1:colcon.colcon_core.package_discovery:discover_packages(ignore) check parameters
[0.131s] Level 1:colcon.colcon_core.package_discovery:discover_packages(path) check parameters
[0.131s] Level 1:colcon.colcon_core.package_discovery:discover_packages(colcon_meta) discover
[0.131s] Level 1:colcon.colcon_core.package_discovery:discover_packages(recursive) discover
[0.132s] INFO:colcon.colcon_core.package_discovery:Crawling recursively for packages in '/home/ros/learning_ros2/ros2_ws'
[0.132s] Level 1:colcon.colcon_core.package_identification:_identify(.) by extensions ['ignore', 'ignore_ament_install']
[0.132s] Level 1:colcon.colcon_core.package_identification:_identify(.) by extension 'ignore'
[0.132s] Level 1:colcon.colcon_core.package_identification:_identify(.) by extension 'ignore_ament_install'
[0.132s] Level 1:colcon.colcon_core.package_identification:_identify(.) by extensions ['colcon_pkg']
[0.132s] Level 1:colcon.colcon_core.package_identification:_identify(.) by extension 'colcon_pkg'
[0.132s] Level 1:colcon.colcon_core.package_identification:_identify(.) by extensions ['colcon_meta']
[0.132s] Level 1:colcon.colcon_core.package_identification:_identify(.) by extension 'colcon_meta'
[0.132s] Level 1:colcon.colcon_core.package_identification:_identify(.) by extensions ['ros']
[0.132s] Level 1:colcon.colcon_core.package_identification:_identify(.) by extension 'ros'
[0.142s] Level 1:colcon.colcon_core.package_identification:_identify(.) by extensions ['cmake', 'python']
[0.142s] Level 1:colcon.colcon_core.package_identification:_identify(.) by extension 'cmake'
[0.142s] Level 1:colcon.colcon_core.package_identification:_identify(.) by extension 'python'
[0.142s] Level 1:colcon.colcon_core.package_identification:_identify(.) by extensions ['python_setup_py']
[0.142s] Level 1:colcon.colcon_core.package_identification:_identify(.) by extension 'python_setup_py'
[0.142s] Level 1:colcon.colcon_core.package_identification:_identify(build) by extensions ['ignore', 'ignore_ament_install']
[0.142s] Level 1:colcon.colcon_core.package_identification:_identify(build) by extension 'ignore'
[0.142s] Level 1:colcon.colcon_core.package_identification:_identify(build) ignored
[0.142s] Level 1:colcon.colcon_core.package_identification:_identify(install) by extensions ['ignore', 'ignore_ament_install']
[0.142s] Level 1:colcon.colcon_core.package_identification:_identify(install) by extension 'ignore'
[0.142s] Level 1:colcon.colcon_core.package_identification:_identify(install) ignored
[0.142s] Level 1:colcon.colcon_core.package_identification:_identify(log) by extensions ['ignore', 'ignore_ament_install']
[0.142s] Level 1:colcon.colcon_core.package_identification:_identify(log) by extension 'ignore'
[0.142s] Level 1:colcon.colcon_core.package_identification:_identify(log) ignored
[0.142s] Level 1:colcon.colcon_core.package_identification:_identify(src) by extensions ['ignore', 'ignore_ament_install']
[0.142s] Level 1:colcon.colcon_core.package_identification:_identify(src) by extension 'ignore'
[0.143s] Level 1:colcon.colcon_core.package_identification:_identify(src) by extension 'ignore_ament_install'
[0.143s] Level 1:colcon.colcon_core.package_identification:_identify(src) by extensions ['colcon_pkg']
[0.143s] Level 1:colcon.colcon_core.package_identification:_identify(src) by extension 'colcon_pkg'
[0.143s] Level 1:colcon.colcon_core.package_identification:_identify(src) by extensions ['colcon_meta']
[0.143s] Level 1:colcon.colcon_core.package_identification:_identify(src) by extension 'colcon_meta'
[0.143s] Level 1:colcon.colcon_core.package_identification:_identify(src) by extensions ['ros']
[0.143s] Level 1:colcon.colcon_core.package_identification:_identify(src) by extension 'ros'
[0.143s] Level 1:colcon.colcon_core.package_identification:_identify(src) by extensions ['cmake', 'python']
[0.143s] Level 1:colcon.colcon_core.package_identification:_identify(src) by extension 'cmake'
[0.143s] Level 1:colcon.colcon_core.package_identification:_identify(src) by extension 'python'
[0.143s] Level 1:colcon.colcon_core.package_identification:_identify(src) by extensions ['python_setup_py']
[0.143s] Level 1:colcon.colcon_core.package_identification:_identify(src) by extension 'python_setup_py'
[0.143s] Level 1:colcon.colcon_core.package_identification:_identify(src/python_package) by extensions ['ignore', 'ignore_ament_install']
[0.143s] Level 1:colcon.colcon_core.package_identification:_identify(src/python_package) by extension 'ignore'
[0.143s] Level 1:colcon.colcon_core.package_identification:_identify(src/python_package) by extension 'ignore_ament_install'
[0.143s] Level 1:colcon.colcon_core.package_identification:_identify(src/python_package) by extensions ['colcon_pkg']
[0.143s] Level 1:colcon.colcon_core.package_identification:_identify(src/python_package) by extension 'colcon_pkg'
[0.143s] Level 1:colcon.colcon_core.package_identification:_identify(src/python_package) by extensions ['colcon_meta']
[0.143s] Level 1:colcon.colcon_core.package_identification:_identify(src/python_package) by extension 'colcon_meta'
[0.143s] Level 1:colcon.colcon_core.package_identification:_identify(src/python_package) by extensions ['ros']
[0.143s] Level 1:colcon.colcon_core.package_identification:_identify(src/python_package) by extension 'ros'
[0.146s] DEBUG:colcon.colcon_core.package_identification:Package 'src/python_package' with type 'ros.ament_python' and name 'python_package'
[0.146s] Level 1:colcon.colcon_core.package_discovery:discover_packages(recursive) using defaults
[0.146s] Level 1:colcon.colcon_core.package_discovery:discover_packages(ignore) discover
[0.146s] Level 1:colcon.colcon_core.package_discovery:discover_packages(ignore) using defaults
[0.146s] Level 1:colcon.colcon_core.package_discovery:discover_packages(path) discover
[0.146s] Level 1:colcon.colcon_core.package_discovery:discover_packages(path) using defaults
[0.167s] Level 1:colcon.colcon_core.package_discovery:discover_packages(prefix_path) check parameters
[0.168s] Level 1:colcon.colcon_core.package_discovery:discover_packages(prefix_path) discover
[0.172s] DEBUG:colcon.colcon_installed_package_information.package_discovery:Found 261 installed packages in /opt/ros/foxy
[0.173s] Level 1:colcon.colcon_core.package_discovery:discover_packages(prefix_path) using defaults
[0.239s] Level 5:colcon.colcon_core.verb:set package 'python_package' build argument 'cmake_args' from command line to 'None'
[0.239s] Level 5:colcon.colcon_core.verb:set package 'python_package' build argument 'cmake_target' from command line to 'None'
[0.239s] Level 5:colcon.colcon_core.verb:set package 'python_package' build argument 'cmake_target_skip_unavailable' from command line to 'False'
[0.239s] Level 5:colcon.colcon_core.verb:set package 'python_package' build argument 'cmake_clean_cache' from command line to 'False'
[0.239s] Level 5:colcon.colcon_core.verb:set package 'python_package' build argument 'cmake_clean_first' from command line to 'False'
[0.239s] Level 5:colcon.colcon_core.verb:set package 'python_package' build argument 'cmake_force_configure' from command line to 'False'
[0.239s] Level 5:colcon.colcon_core.verb:set package 'python_package' build argument 'ament_cmake_args' from command line to 'None'
[0.239s] Level 5:colcon.colcon_core.verb:set package 'python_package' build argument 'catkin_cmake_args' from command line to 'None'
[0.239s] Level 5:colcon.colcon_core.verb:set package 'python_package' build argument 'catkin_skip_building_tests' from command line to 'False'
[0.239s] DEBUG:colcon.colcon_core.verb:Building package 'python_package' with the following arguments: {'ament_cmake_args': None, 'build_base': '/home/ros/learning_ros2/ros2_ws/build/python_package', 'catkin_cmake_args': None, 'catkin_skip_building_tests': False, 'cmake_args': None, 'cmake_clean_cache': False, 'cmake_clean_first': False, 'cmake_force_configure': False, 'cmake_target': None, 'cmake_target_skip_unavailable': False, 'install_base': '/home/ros/learning_ros2/ros2_ws/install/python_package', 'merge_install': False, 'path': '/home/ros/learning_ros2/ros2_ws/src/python_package', 'symlink_install': False, 'test_result_base': None}
[0.239s] INFO:colcon.colcon_core.executor:Executing jobs using 'parallel' executor
[0.243s] DEBUG:colcon.colcon_parallel_executor.executor.parallel:run_until_complete
[0.243s] INFO:colcon.colcon_ros.task.ament_python.build:Building ROS package in '/home/ros/learning_ros2/ros2_ws/src/python_package' with build type 'ament_python'
[0.243s] Level 1:colcon.colcon_core.shell:create_environment_hook('python_package', 'ament_prefix_path')
[0.249s] INFO:colcon.colcon_core.plugin_system:Skipping extension 'colcon_core.shell.bat': Not used on non-Windows systems
[0.249s] INFO:colcon.colcon_core.shell:Creating environment hook '/home/ros/learning_ros2/ros2_ws/install/python_package/share/python_package/hook/ament_prefix_path.ps1'
[0.250s] INFO:colcon.colcon_core.shell:Creating environment descriptor '/home/ros/learning_ros2/ros2_ws/install/python_package/share/python_package/hook/ament_prefix_path.dsv'
[0.251s] INFO:colcon.colcon_core.shell:Creating environment hook '/home/ros/learning_ros2/ros2_ws/install/python_package/share/python_package/hook/ament_prefix_path.sh'
[0.252s] INFO:colcon.colcon_core.shell:Skip shell extension 'powershell' for command environment: Not usable outside of PowerShell
[0.252s] DEBUG:colcon.colcon_core.shell:Skip shell extension 'dsv' for command environment
[0.400s] INFO:colcon.colcon_core.task.python.build:Building Python package in '/home/ros/learning_ros2/ros2_ws/src/python_package'
[0.402s] INFO:colcon.colcon_core.shell:Skip shell extension 'powershell' for command environment: Not usable outside of PowerShell
[0.402s] DEBUG:colcon.colcon_core.shell:Skip shell extension 'dsv' for command environment
[0.759s] DEBUG:colcon.colcon_core.event_handler.log_command:Invoking command in '/home/ros/learning_ros2/ros2_ws/src/python_package': PYTHONPATH=/home/ros/learning_ros2/ros2_ws/install/python_package/lib/python3.8/site-packages:${PYTHONPATH} /usr/bin/python3 setup.py egg_info --egg-base ../../build/python_package build --build-base /home/ros/learning_ros2/ros2_ws/build/python_package/build install --prefix /home/ros/learning_ros2/ros2_ws/install/python_package --record /home/ros/learning_ros2/ros2_ws/build/python_package/install.log --single-version-externally-managed
[0.957s] DEBUG:colcon.colcon_core.event_handler.log_command:Invoked command in '/home/ros/learning_ros2/ros2_ws/src/python_package' returned '0': PYTHONPATH=/home/ros/learning_ros2/ros2_ws/install/python_package/lib/python3.8/site-packages:${PYTHONPATH} /usr/bin/python3 setup.py egg_info --egg-base ../../build/python_package build --build-base /home/ros/learning_ros2/ros2_ws/build/python_package/build install --prefix /home/ros/learning_ros2/ros2_ws/install/python_package --record /home/ros/learning_ros2/ros2_ws/build/python_package/install.log --single-version-externally-managed
[0.965s] Level 1:colcon.colcon_core.environment:checking '/home/ros/learning_ros2/ros2_ws/install/python_package' for CMake module files
[0.966s] Level 1:colcon.colcon_core.environment:checking '/home/ros/learning_ros2/ros2_ws/install/python_package' for CMake config files
[0.966s] Level 1:colcon.colcon_core.environment:checking '/home/ros/learning_ros2/ros2_ws/install/python_package/lib'
[0.966s] Level 1:colcon.colcon_core.environment:checking '/home/ros/learning_ros2/ros2_ws/install/python_package/bin'
[0.966s] Level 1:colcon.colcon_core.environment:checking '/home/ros/learning_ros2/ros2_ws/install/python_package/lib/pkgconfig/python_package.pc'
[0.967s] Level 1:colcon.colcon_core.environment:checking '/home/ros/learning_ros2/ros2_ws/install/python_package/lib/python3.8/site-packages'
[0.967s] Level 1:colcon.colcon_core.shell:create_environment_hook('python_package', 'pythonpath')
[0.968s] INFO:colcon.colcon_core.shell:Creating environment hook '/home/ros/learning_ros2/ros2_ws/install/python_package/share/python_package/hook/pythonpath.ps1'
[0.968s] INFO:colcon.colcon_core.shell:Creating environment descriptor '/home/ros/learning_ros2/ros2_ws/install/python_package/share/python_package/hook/pythonpath.dsv'
[0.968s] INFO:colcon.colcon_core.shell:Creating environment hook '/home/ros/learning_ros2/ros2_ws/install/python_package/share/python_package/hook/pythonpath.sh'
[0.968s] Level 1:colcon.colcon_core.environment:checking '/home/ros/learning_ros2/ros2_ws/install/python_package/bin'
[0.968s] Level 1:colcon.colcon_core.environment:create_environment_scripts_only(python_package)
[0.969s] INFO:colcon.colcon_core.shell:Creating package script '/home/ros/learning_ros2/ros2_ws/install/python_package/share/python_package/package.ps1'
[0.970s] INFO:colcon.colcon_core.shell:Creating package descriptor '/home/ros/learning_ros2/ros2_ws/install/python_package/share/python_package/package.dsv'
[0.971s] INFO:colcon.colcon_core.shell:Creating package script '/home/ros/learning_ros2/ros2_ws/install/python_package/share/python_package/package.sh'
[0.972s] INFO:colcon.colcon_core.shell:Creating package script '/home/ros/learning_ros2/ros2_ws/install/python_package/share/python_package/package.bash'
[0.973s] INFO:colcon.colcon_core.shell:Creating package script '/home/ros/learning_ros2/ros2_ws/install/python_package/share/python_package/package.zsh'
[0.974s] Level 1:colcon.colcon_core.environment:create_file_with_runtime_dependencies(/home/ros/learning_ros2/ros2_ws/install/python_package/share/colcon-core/packages/python_package)
[0.974s] DEBUG:colcon.colcon_parallel_executor.executor.parallel:closing loop
[0.974s] DEBUG:colcon.colcon_parallel_executor.executor.parallel:loop closed
[0.974s] DEBUG:colcon.colcon_parallel_executor.executor.parallel:run_until_complete finished with '0'
[0.974s] DEBUG:colcon.colcon_core.event_reactor:joining thread
[0.983s] INFO:colcon.colcon_core.plugin_system:Skipping extension 'colcon_notification.desktop_notification.terminal_notifier': Not used on non-Darwin systems
[0.983s] INFO:colcon.colcon_core.plugin_system:Skipping extension 'colcon_notification.desktop_notification.win32': Not used on non-Windows systems
[0.983s] INFO:colcon.colcon_notification.desktop_notification:Sending desktop notification using 'notify2'
[0.993s] DEBUG:colcon.colcon_core.event_reactor:joined thread
[0.994s] INFO:colcon.colcon_core.shell:Creating prefix script '/home/ros/learning_ros2/ros2_ws/install/local_setup.ps1'
[1.000s] INFO:colcon.colcon_core.shell:Creating prefix util module '/home/ros/learning_ros2/ros2_ws/install/_local_setup_util_ps1.py'
[1.003s] INFO:colcon.colcon_core.shell:Creating prefix chain script '/home/ros/learning_ros2/ros2_ws/install/setup.ps1'
[1.005s] INFO:colcon.colcon_core.shell:Creating prefix script '/home/ros/learning_ros2/ros2_ws/install/local_setup.sh'
[1.005s] INFO:colcon.colcon_core.shell:Creating prefix util module '/home/ros/learning_ros2/ros2_ws/install/_local_setup_util_sh.py'
[1.006s] INFO:colcon.colcon_core.shell:Creating prefix chain script '/home/ros/learning_ros2/ros2_ws/install/setup.sh'
[1.008s] INFO:colcon.colcon_core.shell:Creating prefix script '/home/ros/learning_ros2/ros2_ws/install/local_setup.bash'
[1.008s] INFO:colcon.colcon_core.shell:Creating prefix chain script '/home/ros/learning_ros2/ros2_ws/install/setup.bash'
[1.010s] INFO:colcon.colcon_core.shell:Creating prefix script '/home/ros/learning_ros2/ros2_ws/install/local_setup.zsh'
[1.012s] INFO:colcon.colcon_core.shell:Creating prefix chain script '/home/ros/learning_ros2/ros2_ws/install/setup.zsh'
