running egg_info
creating ../../build/python_package/python_package.egg-info
writing ../../build/python_package/python_package.egg-info/PKG-INFO
writing dependency_links to ../../build/python_package/python_package.egg-info/dependency_links.txt
writing entry points to ../../build/python_package/python_package.egg-info/entry_points.txt
writing requirements to ../../build/python_package/python_package.egg-info/requires.txt
writing top-level names to ../../build/python_package/python_package.egg-info/top_level.txt
writing manifest file '../../build/python_package/python_package.egg-info/SOURCES.txt'
reading manifest file '../../build/python_package/python_package.egg-info/SOURCES.txt'
writing manifest file '../../build/python_package/python_package.egg-info/SOURCES.txt'
running build
running build_py
creating /home/ros/learning_ros2/ros2_ws/build/python_package/build
creating /home/ros/learning_ros2/ros2_ws/build/python_package/build/lib
creating /home/ros/learning_ros2/ros2_ws/build/python_package/build/lib/python_package
copying python_package/publisher.py -> /home/ros/learning_ros2/ros2_ws/build/python_package/build/lib/python_package
copying python_package/subscriber.py -> /home/ros/learning_ros2/ros2_ws/build/python_package/build/lib/python_package
copying python_package/__init__.py -> /home/ros/learning_ros2/ros2_ws/build/python_package/build/lib/python_package
running install
running install_lib
creating /home/ros/learning_ros2/ros2_ws/install/python_package/lib/python3.8/site-packages/python_package
copying /home/ros/learning_ros2/ros2_ws/build/python_package/build/lib/python_package/publisher.py -> /home/ros/learning_ros2/ros2_ws/install/python_package/lib/python3.8/site-packages/python_package
copying /home/ros/learning_ros2/ros2_ws/build/python_package/build/lib/python_package/subscriber.py -> /home/ros/learning_ros2/ros2_ws/install/python_package/lib/python3.8/site-packages/python_package
copying /home/ros/learning_ros2/ros2_ws/build/python_package/build/lib/python_package/__init__.py -> /home/ros/learning_ros2/ros2_ws/install/python_package/lib/python3.8/site-packages/python_package
byte-compiling /home/ros/learning_ros2/ros2_ws/install/python_package/lib/python3.8/site-packages/python_package/publisher.py to publisher.cpython-38.pyc
byte-compiling /home/ros/learning_ros2/ros2_ws/install/python_package/lib/python3.8/site-packages/python_package/subscriber.py to subscriber.cpython-38.pyc
byte-compiling /home/ros/learning_ros2/ros2_ws/install/python_package/lib/python3.8/site-packages/python_package/__init__.py to __init__.cpython-38.pyc
running install_data
creating /home/ros/learning_ros2/ros2_ws/install/python_package/share/ament_index
creating /home/ros/learning_ros2/ros2_ws/install/python_package/share/ament_index/resource_index
creating /home/ros/learning_ros2/ros2_ws/install/python_package/share/ament_index/resource_index/packages
copying resource/python_package -> /home/ros/learning_ros2/ros2_ws/install/python_package/share/ament_index/resource_index/packages
copying package.xml -> /home/ros/learning_ros2/ros2_ws/install/python_package/share/python_package
running install_egg_info
Copying ../../build/python_package/python_package.egg-info to /home/ros/learning_ros2/ros2_ws/install/python_package/lib/python3.8/site-packages/python_package-0.0.0-py3.8.egg-info
running install_scripts
writing list of installed files to '/home/ros/learning_ros2/ros2_ws/build/python_package/install.log'
