[0.516s] Invoking command in '/home/ros/learning_ros2/ros2_ws/src/python_package': PYTHONPATH=/home/ros/learning_ros2/ros2_ws/install/python_package/lib/python3.8/site-packages:${PYTHONPATH} /usr/bin/python3 setup.py egg_info --egg-base ../../build/python_package build --build-base /home/ros/learning_ros2/ros2_ws/build/python_package/build install --prefix /home/ros/learning_ros2/ros2_ws/install/python_package --record /home/ros/learning_ros2/ros2_ws/build/python_package/install.log --single-version-externally-managed
[0.656s] running egg_info
[0.656s] creating ../../build/python_package/python_package.egg-info
[0.656s] writing ../../build/python_package/python_package.egg-info/PKG-INFO
[0.656s] writing dependency_links to ../../build/python_package/python_package.egg-info/dependency_links.txt
[0.656s] writing entry points to ../../build/python_package/python_package.egg-info/entry_points.txt
[0.657s] writing requirements to ../../build/python_package/python_package.egg-info/requires.txt
[0.657s] writing top-level names to ../../build/python_package/python_package.egg-info/top_level.txt
[0.660s] writing manifest file '../../build/python_package/python_package.egg-info/SOURCES.txt'
[0.682s] reading manifest file '../../build/python_package/python_package.egg-info/SOURCES.txt'
[0.683s] writing manifest file '../../build/python_package/python_package.egg-info/SOURCES.txt'
[0.683s] running build
[0.683s] running build_py
[0.683s] creating /home/ros/learning_ros2/ros2_ws/build/python_package/build
[0.683s] creating /home/ros/learning_ros2/ros2_ws/build/python_package/build/lib
[0.683s] creating /home/ros/learning_ros2/ros2_ws/build/python_package/build/lib/python_package
[0.683s] copying python_package/publisher.py -> /home/ros/learning_ros2/ros2_ws/build/python_package/build/lib/python_package
[0.683s] copying python_package/subscriber.py -> /home/ros/learning_ros2/ros2_ws/build/python_package/build/lib/python_package
[0.683s] copying python_package/__init__.py -> /home/ros/learning_ros2/ros2_ws/build/python_package/build/lib/python_package
[0.683s] running install
[0.684s] running install_lib
[0.684s] creating /home/ros/learning_ros2/ros2_ws/install/python_package/lib/python3.8/site-packages/python_package
[0.684s] copying /home/ros/learning_ros2/ros2_ws/build/python_package/build/lib/python_package/publisher.py -> /home/ros/learning_ros2/ros2_ws/install/python_package/lib/python3.8/site-packages/python_package
[0.685s] copying /home/ros/learning_ros2/ros2_ws/build/python_package/build/lib/python_package/subscriber.py -> /home/ros/learning_ros2/ros2_ws/install/python_package/lib/python3.8/site-packages/python_package
[0.685s] copying /home/ros/learning_ros2/ros2_ws/build/python_package/build/lib/python_package/__init__.py -> /home/ros/learning_ros2/ros2_ws/install/python_package/lib/python3.8/site-packages/python_package
[0.685s] byte-compiling /home/ros/learning_ros2/ros2_ws/install/python_package/lib/python3.8/site-packages/python_package/publisher.py to publisher.cpython-38.pyc
[0.686s] byte-compiling /home/ros/learning_ros2/ros2_ws/install/python_package/lib/python3.8/site-packages/python_package/subscriber.py to subscriber.cpython-38.pyc
[0.686s] byte-compiling /home/ros/learning_ros2/ros2_ws/install/python_package/lib/python3.8/site-packages/python_package/__init__.py to __init__.cpython-38.pyc
[0.686s] running install_data
[0.686s] creating /home/ros/learning_ros2/ros2_ws/install/python_package/share/ament_index
[0.686s] creating /home/ros/learning_ros2/ros2_ws/install/python_package/share/ament_index/resource_index
[0.686s] creating /home/ros/learning_ros2/ros2_ws/install/python_package/share/ament_index/resource_index/packages
[0.687s] copying resource/python_package -> /home/ros/learning_ros2/ros2_ws/install/python_package/share/ament_index/resource_index/packages
[0.687s] copying package.xml -> /home/ros/learning_ros2/ros2_ws/install/python_package/share/python_package
[0.687s] running install_egg_info
[0.688s] Copying ../../build/python_package/python_package.egg-info to /home/ros/learning_ros2/ros2_ws/install/python_package/lib/python3.8/site-packages/python_package-0.0.0-py3.8.egg-info
[0.688s] running install_scripts
[0.699s] writing list of installed files to '/home/ros/learning_ros2/ros2_ws/build/python_package/install.log'
[0.714s] Invoked command in '/home/ros/learning_ros2/ros2_ws/src/python_package' returned '0': PYTHONPATH=/home/ros/learning_ros2/ros2_ws/install/python_package/lib/python3.8/site-packages:${PYTHONPATH} /usr/bin/python3 setup.py egg_info --egg-base ../../build/python_package build --build-base /home/ros/learning_ros2/ros2_ws/build/python_package/build install --prefix /home/ros/learning_ros2/ros2_ws/install/python_package --record /home/ros/learning_ros2/ros2_ws/build/python_package/install.log --single-version-externally-managed
